{"/home/matt/rithm/exercises/node-markov/markov.js": {"path":"/home/matt/rithm/exercises/node-markov/markov.js","statementMap":{"0":{"start":{"line":3,"column":10},"end":{"line":3,"column":27}},"1":{"start":{"line":12,"column":4},"end":{"line":12,"column":40}},"2":{"start":{"line":13,"column":4},"end":{"line":13,"column":35}},"3":{"start":{"line":32,"column":19},"end":{"line":32,"column":21}},"4":{"start":{"line":38,"column":4},"end":{"line":48,"column":5}},"5":{"start":{"line":38,"column":17},"end":{"line":38,"column":18}},"6":{"start":{"line":39,"column":26},"end":{"line":39,"column":39}},"7":{"start":{"line":40,"column":23},"end":{"line":40,"column":48}},"8":{"start":{"line":43,"column":6},"end":{"line":47,"column":7}},"9":{"start":{"line":44,"column":8},"end":{"line":44,"column":43}},"10":{"start":{"line":46,"column":8},"end":{"line":46,"column":41}},"11":{"start":{"line":50,"column":4},"end":{"line":50,"column":18}},"12":{"start":{"line":58,"column":22},"end":{"line":58,"column":43}},"13":{"start":{"line":59,"column":24},"end":{"line":59,"column":37}},"14":{"start":{"line":61,"column":4},"end":{"line":65,"column":5}},"15":{"start":{"line":62,"column":21},"end":{"line":62,"column":55}},"16":{"start":{"line":63,"column":6},"end":{"line":63,"column":33}},"17":{"start":{"line":64,"column":6},"end":{"line":64,"column":29}},"18":{"start":{"line":67,"column":4},"end":{"line":67,"column":40}},"19":{"start":{"line":71,"column":0},"end":{"line":73,"column":2}}},"fnMap":{"0":{"name":"(anonymous_0)","decl":{"start":{"line":9,"column":2},"end":{"line":9,"column":3}},"loc":{"start":{"line":9,"column":20},"end":{"line":14,"column":3}},"line":9},"1":{"name":"(anonymous_1)","decl":{"start":{"line":30,"column":2},"end":{"line":30,"column":3}},"loc":{"start":{"line":30,"column":14},"end":{"line":51,"column":3}},"line":30},"2":{"name":"(anonymous_2)","decl":{"start":{"line":57,"column":2},"end":{"line":57,"column":3}},"loc":{"start":{"line":57,"column":12},"end":{"line":68,"column":3}},"line":57}},"branchMap":{"0":{"loc":{"start":{"line":40,"column":23},"end":{"line":40,"column":48}},"type":"binary-expr","locations":[{"start":{"line":40,"column":23},"end":{"line":40,"column":40}},{"start":{"line":40,"column":44},"end":{"line":40,"column":48}}],"line":40},"1":{"loc":{"start":{"line":43,"column":6},"end":{"line":47,"column":7}},"type":"if","locations":[{"start":{"line":43,"column":6},"end":{"line":47,"column":7}},{"start":{"line":45,"column":13},"end":{"line":47,"column":7}}],"line":43},"2":{"loc":{"start":{"line":58,"column":22},"end":{"line":58,"column":43}},"type":"binary-expr","locations":[{"start":{"line":58,"column":22},"end":{"line":58,"column":35}},{"start":{"line":58,"column":39},"end":{"line":58,"column":43}}],"line":58}},"s":{"0":1,"1":5,"2":5,"3":5,"4":5,"5":5,"6":23,"7":23,"8":23,"9":2,"10":21,"11":5,"12":3,"13":3,"14":3,"15":11,"16":11,"17":11,"18":3,"19":1},"f":{"0":5,"1":5,"2":3},"b":{"0":[23,5],"1":[2,21],"2":[3,1]},"_coverageSchema":"1a1c01bbd47fc00a2c39e90264f33305004495a9","hash":"51efab57a1ee4b3c2f6709d81316283b0e17a300"}
}
